EDA Netlist Writer report for project1
Thu Aug 10 23:47:05 2023
Quartus Prime Version 22.1std.2 Build 922 07/20/2023 SC Lite Edition


---------------------
; Table of Contents ;
---------------------
  1. Legal Notice
  2. EDA Netlist Writer Summary
  3. Board-Level Settings
  4. Board-Level Generated Files
  5. EDA Netlist Writer Messages



----------------
; Legal Notice ;
----------------
Copyright (C) 2023  Intel Corporation. All rights reserved.
Your use of Intel Corporation's design tools, logic functions 
and other software and tools, and any partner logic 
functions, and any output files from any of the foregoing 
(including device programming or simulation files), and any 
associated documentation or information are expressly subject 
to the terms and conditions of the Intel Program License 
Subscription Agreement, the Intel Quartus Prime License Agreement,
the Intel FPGA IP License Agreement, or other applicable license
agreement, including, without limitation, that your use is for
the sole purpose of programming logic devices manufactured by
Intel and sold by Intel or its authorized distributors.  Please
refer to the applicable agreement for further details, at
https://fpgasoftware.intel.com/eula.



+------------------------------------------------------------------------------+
; EDA Netlist Writer Summary                                                   ;
+--------------------------------------+---------------------------------------+
; EDA Netlist Writer Status            ; Successful - Thu Aug 10 23:47:05 2023 ;
; Revision Name                        ; project1                              ;
; Top-level Entity Name                ; stack_shift                           ;
; Family                               ; MAX 10                                ;
; Board Timing Analysis Files Creation ; Successful                            ;
+--------------------------------------+---------------------------------------+


+----------------------------------------+
; Board-Level Settings                   ;
+------------------------------+---------+
; Option                       ; Setting ;
+------------------------------+---------+
; Board Timing Analysis Format ; STAMP   ;
+------------------------------+---------+


+---------------------------------------------------------------------------------------------------------------------------------------------------------------+
; Board-Level Generated Files                                                                                                                                   ;
+---------------------------------------------------------------------------------------------------------------------------------------------------------------+
; Generated Files                                                                                                                                               ;
+---------------------------------------------------------------------------------------------------------------------------------------------------------------+
; Board Timing Analysis                                                                                                                                         ;
;     C:/Users/Daniil/YandexDisk/HDL/QuartusPrime/timing/stamp/C:/Users/Daniil/YandexDisk/HDL/QuartusPrime/timing/stamp//project1_7_1200mv_85c_board_slow.mod   ;
;     C:/Users/Daniil/YandexDisk/HDL/QuartusPrime/timing/stamp/C:/Users/Daniil/YandexDisk/HDL/QuartusPrime/timing/stamp//project1_7_1200mv_85c_board_slow.data  ;
;     C:/Users/Daniil/YandexDisk/HDL/QuartusPrime/timing/stamp/C:/Users/Daniil/YandexDisk/HDL/QuartusPrime/timing/stamp//project1_7_1200mv_0c_board_slow.mod    ;
;     C:/Users/Daniil/YandexDisk/HDL/QuartusPrime/timing/stamp/C:/Users/Daniil/YandexDisk/HDL/QuartusPrime/timing/stamp//project1_7_1200mv_0c_board_slow.data   ;
;     C:/Users/Daniil/YandexDisk/HDL/QuartusPrime/timing/stamp/C:/Users/Daniil/YandexDisk/HDL/QuartusPrime/timing/stamp//project1_min_1200mv_0c_board_fast.mod  ;
;     C:/Users/Daniil/YandexDisk/HDL/QuartusPrime/timing/stamp/C:/Users/Daniil/YandexDisk/HDL/QuartusPrime/timing/stamp//project1_min_1200mv_0c_board_fast.data ;
;     C:/Users/Daniil/YandexDisk/HDL/QuartusPrime/timing/stamp/C:/Users/Daniil/YandexDisk/HDL/QuartusPrime/timing/stamp//project1_board.mod                     ;
;     C:/Users/Daniil/YandexDisk/HDL/QuartusPrime/timing/stamp/C:/Users/Daniil/YandexDisk/HDL/QuartusPrime/timing/stamp//project1_board.data                    ;
+---------------------------------------------------------------------------------------------------------------------------------------------------------------+


+-----------------------------+
; EDA Netlist Writer Messages ;
+-----------------------------+
Info: *******************************************************************
Info: Running Quartus Prime EDA Netlist Writer
    Info: Version 22.1std.2 Build 922 07/20/2023 SC Lite Edition
    Info: Processing started: Thu Aug 10 23:47:05 2023
Info: Command: quartus_eda --read_settings_files=off --write_settings_files=off project1 -c project1
Info (199047): Generated files "C:/Users/Daniil/YandexDisk/HDL/QuartusPrime/timing/stamp//project1_7_1200mv_85c_board_slow.mod" and "C:/Users/Daniil/YandexDisk/HDL/QuartusPrime/timing/stamp//project1_7_1200mv_85c_board_slow.data"
Info (199047): Generated files "C:/Users/Daniil/YandexDisk/HDL/QuartusPrime/timing/stamp//project1_7_1200mv_0c_board_slow.mod" and "C:/Users/Daniil/YandexDisk/HDL/QuartusPrime/timing/stamp//project1_7_1200mv_0c_board_slow.data"
Info (199047): Generated files "C:/Users/Daniil/YandexDisk/HDL/QuartusPrime/timing/stamp//project1_min_1200mv_0c_board_fast.mod" and "C:/Users/Daniil/YandexDisk/HDL/QuartusPrime/timing/stamp//project1_min_1200mv_0c_board_fast.data"
Info (199047): Generated files "C:/Users/Daniil/YandexDisk/HDL/QuartusPrime/timing/stamp//project1_board.mod" and "C:/Users/Daniil/YandexDisk/HDL/QuartusPrime/timing/stamp//project1_board.data"
Info: Quartus Prime EDA Netlist Writer was successful. 0 errors, 0 warnings
    Info: Peak virtual memory: 4661 megabytes
    Info: Processing ended: Thu Aug 10 23:47:05 2023
    Info: Elapsed time: 00:00:00
    Info: Total CPU time (on all processors): 00:00:00


